echo "COMP: clang -c -o options.bc  -DSPEC_CPU -DNDEBUG    -O2 -fno-strict-aliasing       -DSPEC_CPU_LP64         -c -O3  -S -emit-llvm -fms-compatibility-version=19   <source>"
echo "C: CC=\"clang\""
echo "C: COBJOPT=\"-c -o options\""
echo "P: CPUFLAGS=\"-DSPEC_CPU -DNDEBUG\""
echo "P: BENCH_FLAGS=\"\""
echo "P: BENCH_CFLAGS=\"\""
echo "O: OPTIMIZE=\"\""
echo "O: COPTIMIZE=\"-O2 -fno-strict-aliasing\""
echo "P: PORTABILITY=\"-DSPEC_CPU_LP64\""
echo "P: CPORTABILITY=\"\""
echo "O: EXTRA_CFLAGS=\"\""
echo "O: EXTRA_OPTIMIZE=\"\""
echo "O: EXTRA_COPTIMIZE=\"\""
echo "P: EXTRA_PORTABILITY=\"\""
echo "P: EXTRA_CPORTABILITY=\"\""
echo "LINK: llvm-link   -O2 -fno-strict-aliasing  -DSPEC_CPU_LP64        <objects>           -o 401.bzip2link.bc "
echo "C: LD=\"llvm-link\""
echo "O: COPTIMIZE=\"-O2 -fno-strict-aliasing\""
echo "P: PORTABILITY=\"-DSPEC_CPU_LP64\""
echo "C: LDOUT=\"-o 401.bzip2link.bc \""
